c:\users\zver\desktop\c\лаба 4\а\project1\project1\debug\vc141.pdb
c:\users\zver\desktop\c\лаба 4\а\project1\project1\debug\vc141.idb
c:\users\zver\desktop\c\лаба 4\а\project1\project1\debug\main.obj
c:\users\zver\desktop\c\лаба 4\а\project1\project1\debug\lab4_a.obj
c:\users\zver\desktop\c\лаба 4\а\project1\debug\project1.pdb
c:\users\zver\desktop\c\лаба 4\а\project1\project1\debug\project1.tlog\cl.command.1.tlog
c:\users\zver\desktop\c\лаба 4\а\project1\project1\debug\project1.tlog\cl.read.1.tlog
c:\users\zver\desktop\c\лаба 4\а\project1\project1\debug\project1.tlog\cl.write.1.tlog
c:\users\zver\desktop\c\лаба 4\а\project1\project1\debug\project1.tlog\link-cvtres.read.1.tlog
c:\users\zver\desktop\c\лаба 4\а\project1\project1\debug\project1.tlog\link-cvtres.write.1.tlog
c:\users\zver\desktop\c\лаба 4\а\project1\project1\debug\project1.tlog\link-rc.read.1.tlog
c:\users\zver\desktop\c\лаба 4\а\project1\project1\debug\project1.tlog\link-rc.write.1.tlog
c:\users\zver\desktop\c\лаба 4\а\project1\project1\debug\project1.tlog\link.12884-cvtres.read.1.tlog
c:\users\zver\desktop\c\лаба 4\а\project1\project1\debug\project1.tlog\link.12884-cvtres.write.1.tlog
c:\users\zver\desktop\c\лаба 4\а\project1\project1\debug\project1.tlog\link.12884-rc.read.1.tlog
c:\users\zver\desktop\c\лаба 4\а\project1\project1\debug\project1.tlog\link.12884-rc.write.1.tlog
c:\users\zver\desktop\c\лаба 4\а\project1\project1\debug\project1.tlog\link.12884.read.1.tlog
c:\users\zver\desktop\c\лаба 4\а\project1\project1\debug\project1.tlog\link.12884.write.1.tlog
c:\users\zver\desktop\c\лаба 4\а\project1\project1\debug\project1.tlog\link.command.1.tlog
c:\users\zver\desktop\c\лаба 4\а\project1\project1\debug\project1.tlog\link.read.1.tlog
c:\users\zver\desktop\c\лаба 4\а\project1\project1\debug\project1.tlog\link.write.1.tlog
